<?xml version="1.0" encoding="utf-8"?><testsuites name="pytest tests"><testsuite name="pytest" errors="0" failures="0" skipped="0" tests="13" time="7.630" timestamp="2026-04-14T12:48:40.449456+00:00" hostname="agent-env-f426c50a-0437-43cf-bd72-29520522b3d7"><testcase classname="backend.tests.test_iteration8_features.TestHealthCheck" name="test_api_health" time="0.197" /><testcase classname="backend.tests.test_iteration8_features.TestAuthEndpoints" name="test_login_success" time="0.325" /><testcase classname="backend.tests.test_iteration8_features.TestAuthEndpoints" name="test_login_invalid_credentials" time="0.103" /><testcase classname="backend.tests.test_iteration8_features.TestAuthEndpoints" name="test_send_otp_endpoint" time="2.377" /><testcase classname="backend.tests.test_iteration8_features.TestAuthEndpoints" name="test_forgot_password_endpoint" time="0.097" /><testcase classname="backend.tests.test_iteration8_features.TestSendFeedbackEmail" name="test_send_feedback_completed_interview" time="1.637" /><testcase classname="backend.tests.test_iteration8_features.TestSendFeedbackEmail" name="test_send_feedback_non_completed_interview" time="0.564" /><testcase classname="backend.tests.test_iteration8_features.TestSendFeedbackEmail" name="test_send_feedback_not_found" time="0.398" /><testcase classname="backend.tests.test_iteration8_features.TestSendFeedbackEmail" name="test_send_feedback_unauthorized" time="0.129" /><testcase classname="backend.tests.test_iteration8_features.TestInterviewEndpoints" name="test_list_interviews" time="0.421" /><testcase classname="backend.tests.test_iteration8_features.TestInterviewEndpoints" name="test_get_interview" time="0.472" /><testcase classname="backend.tests.test_iteration8_features.TestInterviewEndpoints" name="test_abort_interview_endpoint" time="0.455" /><testcase classname="backend.tests.test_iteration8_features.TestProfileEndpoint" name="test_get_profile" time="0.393" /></testsuite></testsuites>