<?xml version="1.0" encoding="utf-8"?><testsuites name="pytest tests"><testsuite name="pytest" errors="0" failures="0" skipped="0" tests="9" time="19.969" timestamp="2026-03-15T19:24:17.454324+00:00" hostname="agent-env-f426c50a-0437-43cf-bd72-29520522b3d7"><testcase classname="backend.tests.test_new_features_iteration4.TestHealthCheck" name="test_api_is_running" time="0.234" /><testcase classname="backend.tests.test_new_features_iteration4.TestAuthentication" name="test_login_success" time="0.311" /><testcase classname="backend.tests.test_new_features_iteration4.TestResumeInterviewWithConfig" name="test_resume_interview_with_custom_questions_count" time="4.424" /><testcase classname="backend.tests.test_new_features_iteration4.TestResumeInterviewWithConfig" name="test_resume_interview_with_custom_time_per_question" time="2.074" /><testcase classname="backend.tests.test_new_features_iteration4.TestResumeInterviewWithConfig" name="test_resume_interview_default_values" time="2.101" /><testcase classname="backend.tests.test_new_features_iteration4.TestRecordingUploadWithWhisperTranscript" name="test_recording_upload_returns_transcript_field" time="8.005" /><testcase classname="backend.tests.test_new_features_iteration4.TestExistingFeaturesRegression" name="test_role_interview_start" time="1.946" /><testcase classname="backend.tests.test_new_features_iteration4.TestExistingFeaturesRegression" name="test_interviews_list" time="0.390" /><testcase classname="backend.tests.test_new_features_iteration4.TestExistingFeaturesRegression" name="test_profile_endpoint" time="0.418" /></testsuite></testsuites>