<?xml version="1.0" encoding="utf-8"?><testsuites name="pytest tests"><testsuite name="pytest" errors="0" failures="0" skipped="0" tests="22" time="35.809" timestamp="2026-03-15T18:43:09.866483+00:00" hostname="agent-env-f426c50a-0437-43cf-bd72-29520522b3d7"><testcase classname="backend.tests.test_interview_platform.TestHealthCheck" name="test_api_root_health" time="0.250" /><testcase classname="backend.tests.test_interview_platform.TestAuthentication" name="test_register_new_user" time="0.340" /><testcase classname="backend.tests.test_interview_platform.TestAuthentication" name="test_register_duplicate_email" time="0.075" /><testcase classname="backend.tests.test_interview_platform.TestAuthentication" name="test_login_valid_credentials" time="0.326" /><testcase classname="backend.tests.test_interview_platform.TestAuthentication" name="test_login_invalid_credentials" time="0.326" /><testcase classname="backend.tests.test_interview_platform.TestAuthentication" name="test_login_nonexistent_user" time="0.123" /><testcase classname="backend.tests.test_interview_platform.TestAuthentication" name="test_get_me_with_valid_token" time="0.414" /><testcase classname="backend.tests.test_interview_platform.TestAuthentication" name="test_get_me_without_token" time="0.091" /><testcase classname="backend.tests.test_interview_platform.TestInterviews" name="test_start_interview_default_settings" time="5.076" /><testcase classname="backend.tests.test_interview_platform.TestInterviews" name="test_start_interview_configurable_settings" time="2.460" /><testcase classname="backend.tests.test_interview_platform.TestInterviews" name="test_start_interview_boundary_questions" time="5.106" /><testcase classname="backend.tests.test_interview_platform.TestInterviews" name="test_list_interviews" time="0.439" /><testcase classname="backend.tests.test_interview_platform.TestInterviews" name="test_get_interview_by_id" time="2.094" /><testcase classname="backend.tests.test_interview_platform.TestInterviews" name="test_get_nonexistent_interview" time="0.410" /><testcase classname="backend.tests.test_interview_platform.TestInterviews" name="test_save_response" time="2.196" /><testcase classname="backend.tests.test_interview_platform.TestInterviews" name="test_complete_interview" time="5.403" /><testcase classname="backend.tests.test_interview_platform.TestInterviews" name="test_delete_interview" time="1.913" /><testcase classname="backend.tests.test_interview_platform.TestInterviews" name="test_abort_in_progress_interview" time="2.082" /><testcase classname="backend.tests.test_interview_platform.TestInterviews" name="test_abort_completed_interview_fails" time="5.323" /><testcase classname="backend.tests.test_interview_platform.TestRecordings" name="test_serve_nonexistent_recording" time="0.408" /><testcase classname="backend.tests.test_interview_platform.TestProfile" name="test_get_profile" time="0.390" /><testcase classname="backend.tests.test_interview_platform.TestProfile" name="test_update_profile_name" time="0.477" /></testsuite></testsuites>