<?xml version="1.0" encoding="utf-8"?><testsuites name="pytest tests"><testsuite name="pytest" errors="0" failures="0" skipped="0" tests="5" time="2.507" timestamp="2026-03-15T19:59:36.278374+00:00" hostname="agent-env-f426c50a-0437-43cf-bd72-29520522b3d7"><testcase classname="backend.tests.test_iteration6_features.TestBackendRegression" name="test_api_health_check" time="0.468" /><testcase classname="backend.tests.test_iteration6_features.TestBackendRegression" name="test_login_returns_token_and_user" time="0.717" /><testcase classname="backend.tests.test_iteration6_features.TestBackendRegression" name="test_interviews_list" time="0.357" /><testcase classname="backend.tests.test_iteration6_features.TestBackendRegression" name="test_profile_endpoint" time="0.385" /><testcase classname="backend.tests.test_iteration6_features.TestBackendRegression" name="test_get_specific_interview" time="0.522" /></testsuite></testsuites>