<?xml version="1.0" encoding="utf-8"?><testsuites name="pytest tests"><testsuite name="pytest" errors="0" failures="0" skipped="0" tests="27" time="36.818" timestamp="2026-04-15T17:52:30.902404+00:00" hostname="agent-env-f426c50a-0437-43cf-bd72-29520522b3d7"><testcase classname="backend.tests.test_interview_platform.TestHealthCheck" name="test_api_root" time="0.255" /><testcase classname="backend.tests.test_interview_platform.TestAuthentication" name="test_login_success" time="0.412" /><testcase classname="backend.tests.test_interview_platform.TestAuthentication" name="test_login_invalid_credentials" time="0.337" /><testcase classname="backend.tests.test_interview_platform.TestAuthentication" name="test_login_nonexistent_user" time="0.092" /><testcase classname="backend.tests.test_interview_platform.TestAuthentication" name="test_auth_me_without_token" time="0.087" /><testcase classname="backend.tests.test_interview_platform.TestAuthentication" name="test_auth_me_with_token" time="0.435" /><testcase classname="backend.tests.test_interview_platform.TestAuthentication" name="test_send_otp" time="1.743" /><testcase classname="backend.tests.test_interview_platform.TestAuthentication" name="test_verify_otp_invalid" time="0.084" /><testcase classname="backend.tests.test_interview_platform.TestAuthentication" name="test_forgot_password" time="1.723" /><testcase classname="backend.tests.test_interview_platform.TestAuthentication" name="test_logout" time="0.455" /><testcase classname="backend.tests.test_interview_platform.TestInterviews" name="test_list_interviews" time="0.414" /><testcase classname="backend.tests.test_interview_platform.TestInterviews" name="test_start_role_interview" time="3.428" /><testcase classname="backend.tests.test_interview_platform.TestInterviews" name="test_get_interview" time="2.439" /><testcase classname="backend.tests.test_interview_platform.TestInterviews" name="test_save_response" time="1.885" /><testcase classname="backend.tests.test_interview_platform.TestInterviews" name="test_complete_interview" time="7.754" /><testcase classname="backend.tests.test_interview_platform.TestInterviews" name="test_abort_interview" time="1.784" /><testcase classname="backend.tests.test_interview_platform.TestInterviews" name="test_delete_interview" time="2.106" /><testcase classname="backend.tests.test_interview_platform.TestInterviews" name="test_interview_not_found" time="0.394" /><testcase classname="backend.tests.test_interview_platform.TestProfile" name="test_get_profile" time="0.439" /><testcase classname="backend.tests.test_interview_platform.TestProfile" name="test_get_profile_unauthorized" time="0.463" /><testcase classname="backend.tests.test_interview_platform.TestProfile" name="test_update_profile_name" time="0.527" /><testcase classname="backend.tests.test_interview_platform.TestContactAndFeedback" name="test_submit_contact" time="1.497" /><testcase classname="backend.tests.test_interview_platform.TestContactAndFeedback" name="test_submit_contact_missing_fields" time="0.095" /><testcase classname="backend.tests.test_interview_platform.TestContactAndFeedback" name="test_submit_feedback" time="3.193" /><testcase classname="backend.tests.test_interview_platform.TestContactAndFeedback" name="test_submit_feedback_anonymous" time="2.486" /><testcase classname="backend.tests.test_interview_platform.TestContactAndFeedback" name="test_get_feedbacks" time="0.106" /><testcase classname="backend.tests.test_interview_platform.TestRecordingUpload" name="test_upload_recording" time="2.099" /></testsuite></testsuites>