<?xml version="1.0" encoding="utf-8"?><testsuites name="pytest tests"><testsuite name="pytest" errors="0" failures="0" skipped="0" tests="21" time="39.088" timestamp="2026-04-15T17:36:37.991980+00:00" hostname="agent-env-f426c50a-0437-43cf-bd72-29520522b3d7"><testcase classname="backend.tests.test_iteration10_features.TestHealthCheck" name="test_api_health" time="0.133" /><testcase classname="backend.tests.test_iteration10_features.TestAuthEndpoints" name="test_send_otp" time="0.873" /><testcase classname="backend.tests.test_iteration10_features.TestAuthEndpoints" name="test_verify_otp_invalid" time="0.103" /><testcase classname="backend.tests.test_iteration10_features.TestAuthEndpoints" name="test_register_without_otp" time="0.106" /><testcase classname="backend.tests.test_iteration10_features.TestAuthEndpoints" name="test_login_success" time="0.520" /><testcase classname="backend.tests.test_iteration10_features.TestAuthEndpoints" name="test_login_invalid_credentials" time="0.328" /><testcase classname="backend.tests.test_iteration10_features.TestAuthEndpoints" name="test_forgot_password" time="1.605" /><testcase classname="backend.tests.test_iteration10_features.TestInterviewEndpoints" name="test_start_interview_with_config" time="3.508" /><testcase classname="backend.tests.test_iteration10_features.TestInterviewEndpoints" name="test_save_response" time="1.883" /><testcase classname="backend.tests.test_iteration10_features.TestInterviewEndpoints" name="test_complete_interview_generates_feedback" time="8.954" /><testcase classname="backend.tests.test_iteration10_features.TestInterviewEndpoints" name="test_delete_interview" time="2.194" /><testcase classname="backend.tests.test_iteration10_features.TestInterviewEndpoints" name="test_abort_interview" time="2.029" /><testcase classname="backend.tests.test_iteration10_features.TestInterviewEndpoints" name="test_send_feedback_email" time="9.172" /><testcase classname="backend.tests.test_iteration10_features.TestRecordingUpload" name="test_upload_returns_quickly_no_transcript" time="1.920" /><testcase classname="backend.tests.test_iteration10_features.TestContactEndpoint" name="test_contact_sends_email" time="1.453" /><testcase classname="backend.tests.test_iteration10_features.TestContactEndpoint" name="test_contact_validation" time="0.076" /><testcase classname="backend.tests.test_iteration10_features.TestFeedbackEndpoints" name="test_submit_feedback" time="3.132" /><testcase classname="backend.tests.test_iteration10_features.TestFeedbackEndpoints" name="test_get_feedbacks" time="0.115" /><testcase classname="backend.tests.test_iteration10_features.TestProfileEndpoints" name="test_get_profile_with_stats" time="0.410" /><testcase classname="backend.tests.test_iteration10_features.TestProfileEndpoints" name="test_upload_profile_picture" time="0.435" /><testcase classname="backend.tests.test_iteration10_features.TestProfileEndpoints" name="test_profile_requires_auth" time="0.080" /></testsuite></testsuites>