<?xml version="1.0" encoding="utf-8"?><testsuites name="pytest tests"><testsuite name="pytest" errors="0" failures="0" skipped="0" tests="5" time="6.655" timestamp="2026-03-15T19:48:16.305069+00:00" hostname="agent-env-f426c50a-0437-43cf-bd72-29520522b3d7"><testcase classname="backend.tests.test_iteration5_features.TestBackendIteration5" name="test_api_health_check" time="0.140" /><testcase classname="backend.tests.test_iteration5_features.TestBackendIteration5" name="test_login_returns_token" time="0.380" /><testcase classname="backend.tests.test_iteration5_features.TestBackendIteration5" name="test_recordings_upload_returns_transcript_field" time="5.989" /><testcase classname="backend.tests.test_iteration5_features.TestBackendIteration5" name="test_interviews_list_regression" time="0.050" /><testcase classname="backend.tests.test_iteration5_features.TestBackendIteration5" name="test_profile_endpoint_regression" time="0.046" /></testsuite></testsuites>