<?xml version="1.0" encoding="utf-8"?><testsuites name="pytest tests"><testsuite name="pytest" errors="0" failures="0" skipped="0" tests="19" time="19.862" timestamp="2026-04-14T14:23:11.956550+00:00" hostname="agent-env-f426c50a-0437-43cf-bd72-29520522b3d7"><testcase classname="backend.tests.test_iteration9_features.TestHealthCheck" name="test_api_health" time="0.293" /><testcase classname="backend.tests.test_iteration9_features.TestContactForm" name="test_contact_form_success" time="5.065" /><testcase classname="backend.tests.test_iteration9_features.TestContactForm" name="test_contact_form_missing_fields" time="0.101" /><testcase classname="backend.tests.test_iteration9_features.TestFeedbackForm" name="test_feedback_submission_success" time="4.550" /><testcase classname="backend.tests.test_iteration9_features.TestFeedbackForm" name="test_feedback_submission_anonymous" time="2.973" /><testcase classname="backend.tests.test_iteration9_features.TestFeedbackForm" name="test_feedback_missing_rating" time="0.109" /><testcase classname="backend.tests.test_iteration9_features.TestFeedbackForm" name="test_get_feedbacks" time="0.082" /><testcase classname="backend.tests.test_iteration9_features.TestProfilePictureUpload" name="test_upload_profile_picture" time="0.411" /><testcase classname="backend.tests.test_iteration9_features.TestProfilePictureUpload" name="test_upload_invalid_file_type" time="0.404" /><testcase classname="backend.tests.test_iteration9_features.TestProfilePictureUpload" name="test_upload_without_auth" time="0.108" /><testcase classname="backend.tests.test_iteration9_features.TestChangeEmailOTP" name="test_send_change_email_otp" time="2.974" /><testcase classname="backend.tests.test_iteration9_features.TestChangeEmailOTP" name="test_send_otp_existing_email" time="0.510" /><testcase classname="backend.tests.test_iteration9_features.TestChangeEmailOTP" name="test_verify_invalid_otp" time="0.437" /><testcase classname="backend.tests.test_iteration9_features.TestChangeEmailOTP" name="test_change_email_without_auth" time="0.153" /><testcase classname="backend.tests.test_iteration9_features.TestProfileStats" name="test_get_profile_with_stats" time="0.395" /><testcase classname="backend.tests.test_iteration9_features.TestProfileStats" name="test_profile_has_picture_field" time="0.407" /><testcase classname="backend.tests.test_iteration9_features.TestProfileStats" name="test_profile_has_created_at" time="0.385" /><testcase classname="backend.tests.test_iteration9_features.TestAuthRegression" name="test_login_valid_credentials" time="0.304" /><testcase classname="backend.tests.test_iteration9_features.TestAuthRegression" name="test_login_invalid_credentials" time="0.122" /></testsuite></testsuites>