<?xml version="1.0" encoding="utf-8"?><testsuites name="pytest tests"><testsuite name="pytest" errors="0" failures="0" skipped="0" tests="18" time="7.556" timestamp="2026-04-14T12:09:34.768015+00:00" hostname="agent-env-f426c50a-0437-43cf-bd72-29520522b3d7"><testcase classname="backend.tests.test_iteration7_features.TestHealthCheck" name="test_api_health" time="0.377" /><testcase classname="backend.tests.test_iteration7_features.TestExistingUserLogin" name="test_login_existing_user" time="0.385" /><testcase classname="backend.tests.test_iteration7_features.TestExistingUserLogin" name="test_login_invalid_credentials" time="0.443" /><testcase classname="backend.tests.test_iteration7_features.TestSendOTP" name="test_send_otp_success" time="1.550" /><testcase classname="backend.tests.test_iteration7_features.TestSendOTP" name="test_send_otp_missing_email" time="0.090" /><testcase classname="backend.tests.test_iteration7_features.TestVerifyOTP" name="test_verify_otp_success" time="0.112" /><testcase classname="backend.tests.test_iteration7_features.TestVerifyOTP" name="test_verify_otp_invalid" time="0.139" /><testcase classname="backend.tests.test_iteration7_features.TestVerifyOTP" name="test_verify_otp_expired" time="0.108" /><testcase classname="backend.tests.test_iteration7_features.TestOTPBasedRegistration" name="test_register_with_valid_otp" time="0.376" /><testcase classname="backend.tests.test_iteration7_features.TestOTPBasedRegistration" name="test_register_without_otp" time="0.094" /><testcase classname="backend.tests.test_iteration7_features.TestOTPBasedRegistration" name="test_register_with_invalid_otp" time="0.103" /><testcase classname="backend.tests.test_iteration7_features.TestForgotPassword" name="test_forgot_password_existing_user" time="1.907" /><testcase classname="backend.tests.test_iteration7_features.TestForgotPassword" name="test_forgot_password_nonexistent_user" time="0.144" /><testcase classname="backend.tests.test_iteration7_features.TestResetPassword" name="test_reset_password_success" time="0.566" /><testcase classname="backend.tests.test_iteration7_features.TestResetPassword" name="test_reset_password_invalid_otp" time="0.086" /><testcase classname="backend.tests.test_iteration7_features.TestResetPassword" name="test_reset_password_short_password" time="0.093" /><testcase classname="backend.tests.test_iteration7_features.TestRegressionEndpoints" name="test_get_interviews_authenticated" time="0.379" /><testcase classname="backend.tests.test_iteration7_features.TestRegressionEndpoints" name="test_get_profile_authenticated" time="0.445" /></testsuite></testsuites>